2025-06-02 20:21:39,395 - db_helper - INFO - fetch expenses for date called with 2024-08-01
2025-06-02 20:21:39,590 - db_helper - INFO - fetch expense summary called with start_date: 2024-08-01, end_date: 2024-08-05
2025-06-02 20:22:36,743 - db_helper - INFO - fetch expenses for date called with 2024-08-02
2025-06-02 20:22:36,813 - db_helper - INFO - fetch expense summary called with start_date: 2024-08-01, end_date: 2024-08-05
2025-06-02 20:42:31,095 - db_helper - INFO - fetch expenses for date called with 2024-08-03
2025-06-02 20:42:31,230 - db_helper - INFO - fetch expense summary called with start_date: 2024-08-01, end_date: 2024-08-05
2025-06-02 21:46:19,222 - db_helper - INFO - fetch expenses for date called with 2024-08-01
2025-06-02 21:47:13,565 - db_helper - INFO - fetch expenses for date called with 2024-08-28
2025-06-02 22:03:32,226 - db_helper - INFO - fetch expenses for date called with 2024-08-28
2025-06-02 22:04:51,672 - db_helper - INFO - delete expenses for date called with 2024-08-28
2025-06-02 22:04:51,717 - db_helper - INFO - insert expense called with date: 2024-08-28, amount: 2000.0, category: shopping, notes: soft toy
2025-06-05 12:52:35,285 - db_helper - INFO - fetch expenses for date called with 2024-08-01
2025-06-05 12:52:48,320 - db_helper - INFO - fetch expenses for date called with 2024-08-02
2025-06-05 12:56:55,345 - db_helper - INFO - fetch expenses for date called with 2024-08-02
2025-06-05 14:07:32,521 - db_helper - INFO - fetch expenses for date called with 2024-08-02
2025-06-05 14:07:43,407 - db_helper - INFO - fetch expenses for date called with 2024-08-01
2025-06-05 14:07:56,120 - db_helper - INFO - fetch expenses for date called with 2024-08-03
2025-06-05 14:08:05,441 - db_helper - INFO - fetch expenses for date called with 2024-08-01
2025-06-05 14:08:11,488 - db_helper - INFO - fetch expenses for date called with 2024-08-28
2025-06-05 14:08:16,444 - db_helper - INFO - fetch expenses for date called with 2024-08-27
2025-06-05 14:08:18,762 - db_helper - INFO - fetch expenses for date called with 2024-08-01
2025-06-05 14:40:28,860 - db_helper - INFO - fetch expenses for date called with 2024-08-01
2025-06-05 14:40:40,019 - db_helper - INFO - fetch expenses for date called with 2024-08-03
2025-06-05 15:00:54,193 - db_helper - INFO - fetch expenses for date called with 2024-08-03
2025-06-05 15:05:10,414 - db_helper - INFO - fetch expenses for date called with 2024-08-03
2025-06-05 15:05:21,999 - db_helper - INFO - fetch expenses for date called with 2024-08-04
2025-06-05 15:05:23,801 - db_helper - INFO - fetch expenses for date called with 2024-08-04
2025-06-05 15:05:29,584 - db_helper - INFO - fetch expenses for date called with 2024-08-28
2025-06-05 15:12:12,846 - db_helper - INFO - fetch expenses for date called with 2024-08-28
2025-06-05 15:13:02,245 - db_helper - INFO - fetch expenses for date called with 2024-08-28
2025-06-05 15:13:26,145 - db_helper - INFO - fetch expenses for date called with 2024-08-28
2025-06-05 15:13:56,026 - db_helper - INFO - fetch expenses for date called with 2024-08-28
2025-06-05 15:14:08,283 - db_helper - INFO - fetch expenses for date called with 2024-08-28
2025-06-05 15:29:57,744 - db_helper - INFO - fetch expenses for date called with 2024-08-28
2025-06-05 15:31:50,348 - db_helper - INFO - fetch expenses for date called with 2024-08-28
2025-06-05 15:32:48,246 - db_helper - INFO - fetch expenses for date called with 2024-08-27
2025-06-05 15:32:54,067 - db_helper - INFO - fetch expenses for date called with 2024-08-28
2025-06-05 15:34:29,362 - db_helper - INFO - fetch expenses for date called with 2024-08-28
2025-06-05 15:34:36,847 - db_helper - INFO - fetch expenses for date called with 2024-08-01
2025-06-05 15:35:53,239 - db_helper - INFO - fetch expenses for date called with 2024-08-02
2025-06-05 15:36:56,101 - db_helper - INFO - fetch expenses for date called with 2024-08-03
2025-06-05 15:39:52,188 - db_helper - INFO - fetch expenses for date called with 2024-08-07
2025-06-05 15:45:02,424 - db_helper - INFO - fetch expenses for date called with 2024-08-28
2025-06-05 15:45:10,359 - db_helper - INFO - fetch expenses for date called with 2024-08-28
2025-06-05 15:45:15,559 - db_helper - INFO - fetch expenses for date called with 2024-08-27
2025-06-05 15:45:21,091 - db_helper - INFO - fetch expenses for date called with 2024-08-28
2025-06-05 15:45:31,425 - db_helper - INFO - fetch expenses for date called with 2024-08-28
2025-06-05 15:45:37,694 - db_helper - INFO - fetch expenses for date called with 2024-08-27
2025-06-05 15:45:40,901 - db_helper - INFO - fetch expenses for date called with 2024-08-01
2025-06-05 15:45:47,409 - db_helper - INFO - fetch expenses for date called with 2024-08-29
2025-06-05 15:45:50,613 - db_helper - INFO - fetch expenses for date called with 2024-08-28
2025-06-05 15:46:00,357 - db_helper - INFO - fetch expenses for date called with 2024-08-27
2025-06-05 15:46:03,779 - db_helper - INFO - fetch expenses for date called with 2024-08-30
2025-06-05 15:46:06,641 - db_helper - INFO - fetch expenses for date called with 2024-08-20
2025-06-05 15:46:08,988 - db_helper - INFO - fetch expenses for date called with 2024-08-04
2025-06-05 15:46:16,039 - db_helper - INFO - fetch expenses for date called with 2024-08-01
2025-06-05 15:46:19,641 - db_helper - INFO - fetch expenses for date called with 2024-08-02
2025-06-05 15:46:26,138 - db_helper - INFO - fetch expenses for date called with 2024-08-28
2025-06-05 15:46:32,825 - db_helper - INFO - fetch expenses for date called with 2024-08-02
2025-06-05 15:46:41,071 - db_helper - INFO - fetch expenses for date called with 2024-08-28
2025-06-05 15:46:53,664 - db_helper - INFO - fetch expenses for date called with 2024-08-09
2025-06-05 15:47:00,496 - db_helper - INFO - fetch expenses for date called with 2024-08-28
2025-06-05 15:47:05,911 - db_helper - INFO - fetch expenses for date called with 2024-08-05
2025-06-05 15:47:21,869 - db_helper - INFO - fetch expenses for date called with 2024-08-01
2025-06-05 15:47:33,049 - db_helper - INFO - fetch expenses for date called with 2024-08-28
2025-06-05 15:47:56,085 - db_helper - INFO - fetch expenses for date called with 2024-08-07
2025-06-05 16:25:09,414 - db_helper - INFO - fetch expenses for date called with 2024-08-07
2025-06-05 16:26:45,974 - db_helper - INFO - fetch expenses for date called with 2024-08-07
2025-06-05 16:26:46,408 - db_helper - INFO - delete expenses for date called with 2024-08-07
2025-06-05 16:26:46,445 - db_helper - INFO - insert expense called with date: 2024-08-07, amount: 40.0, category: Shopping, notes: Bought coconut oil
2025-06-05 16:26:46,460 - db_helper - INFO - insert expense called with date: 2024-08-07, amount: 50.0, category: Shopping, notes: Bought cocunut
2025-06-05 16:26:46,487 - db_helper - INFO - insert expense called with date: 2024-08-07, amount: 30.0, category: Food, notes: ate vadapav
2025-06-05 16:26:52,076 - db_helper - INFO - fetch expenses for date called with 2024-08-07
2025-06-05 16:27:01,295 - db_helper - INFO - fetch expenses for date called with 2024-08-28
2025-06-05 16:27:27,612 - db_helper - INFO - fetch expenses for date called with 2024-08-28
2025-06-05 16:27:28,111 - db_helper - INFO - delete expenses for date called with 2024-08-28
2025-06-05 16:29:32,608 - db_helper - INFO - fetch expenses for date called with 2024-08-29
2025-06-05 16:29:34,303 - db_helper - INFO - fetch expenses for date called with 2024-08-28
2025-06-05 16:29:38,205 - db_helper - INFO - fetch expenses for date called with 2024-08-28
2025-06-05 16:29:40,639 - db_helper - INFO - fetch expenses for date called with 2024-08-29
2025-06-05 16:29:42,330 - db_helper - INFO - fetch expenses for date called with 2024-08-28
2025-06-05 16:39:53,255 - db_helper - INFO - fetch expenses for date called with 2024-08-07
2025-06-05 16:40:20,460 - db_helper - INFO - fetch expenses for date called with 2024-08-07
2025-06-05 16:40:20,793 - db_helper - INFO - delete expenses for date called with 2024-08-07
2025-06-05 16:40:20,837 - db_helper - INFO - insert expense called with date: 2024-08-07, amount: 40.0, category: Shopping, notes: Bought coconut oil
2025-06-05 16:40:20,939 - db_helper - INFO - insert expense called with date: 2024-08-07, amount: 100.0, category: Shopping, notes: Bought cocunut
2025-06-05 16:40:20,949 - db_helper - INFO - insert expense called with date: 2024-08-07, amount: 40.0, category: Food, notes: ate vadapav
2025-06-05 16:40:41,642 - db_helper - INFO - fetch expenses for date called with 2024-08-07
2025-06-05 16:40:47,551 - db_helper - INFO - fetch expenses for date called with 2024-08-07
2025-06-05 16:41:04,909 - db_helper - INFO - fetch expenses for date called with 2024-08-07
2025-06-05 16:41:05,254 - db_helper - INFO - delete expenses for date called with 2024-08-07
2025-06-05 16:41:05,333 - db_helper - INFO - insert expense called with date: 2024-08-07, amount: 50.0, category: Shopping, notes: Bought coconut oil
2025-06-05 16:41:05,444 - db_helper - INFO - insert expense called with date: 2024-08-07, amount: 100.0, category: Shopping, notes: Bought cocunut
2025-06-05 16:41:05,459 - db_helper - INFO - insert expense called with date: 2024-08-07, amount: 40.0, category: Food, notes: ate vadapav
2025-06-05 16:41:10,586 - db_helper - INFO - fetch expenses for date called with 2024-08-07
2025-06-05 16:41:15,585 - db_helper - INFO - fetch expenses for date called with 2024-08-29
2025-06-05 16:41:17,890 - db_helper - INFO - fetch expenses for date called with 2024-08-28
2025-06-05 16:41:21,023 - db_helper - INFO - fetch expenses for date called with 2024-08-07
2025-06-05 16:41:33,402 - db_helper - INFO - fetch expenses for date called with 2024-08-07
2025-06-05 16:41:33,729 - db_helper - INFO - delete expenses for date called with 2024-08-07
2025-06-05 16:41:33,797 - db_helper - INFO - insert expense called with date: 2024-08-07, amount: 50.0, category: Shopping, notes: Bought coconut oil
2025-06-05 16:41:33,814 - db_helper - INFO - insert expense called with date: 2024-08-07, amount: 100.0, category: Shopping, notes: Bought cocunuts
2025-06-05 16:41:33,837 - db_helper - INFO - insert expense called with date: 2024-08-07, amount: 40.0, category: Food, notes: ate vadapav
2025-06-05 16:41:46,798 - db_helper - INFO - fetch expenses for date called with 2024-08-07
2025-06-05 16:41:47,196 - db_helper - INFO - delete expenses for date called with 2024-08-07
2025-06-05 16:41:47,262 - db_helper - INFO - insert expense called with date: 2024-08-07, amount: 50.0, category: Shopping, notes: Bought coconut oil
2025-06-05 16:41:47,280 - db_helper - INFO - insert expense called with date: 2024-08-07, amount: 100.0, category: Shopping, notes: Bought cocunuts
2025-06-05 16:41:47,314 - db_helper - INFO - insert expense called with date: 2024-08-07, amount: 40.0, category: Food, notes: ate vadapav
2025-06-05 16:43:10,175 - db_helper - INFO - fetch expenses for date called with 2024-08-07
2025-06-05 16:43:10,572 - db_helper - INFO - delete expenses for date called with 2024-08-07
2025-06-05 16:43:10,643 - db_helper - INFO - insert expense called with date: 2024-08-07, amount: 50.0, category: Shopping, notes: Bought coconut oil
2025-06-05 16:43:10,659 - db_helper - INFO - insert expense called with date: 2024-08-07, amount: 80.0, category: Shopping, notes: Bought cocunuts
2025-06-05 16:43:10,676 - db_helper - INFO - insert expense called with date: 2024-08-07, amount: 40.0, category: Food, notes: ate vadapav
2025-06-05 16:47:04,855 - db_helper - INFO - fetch expenses for date called with 2024-08-07
2025-06-06 17:59:52,310 - db_helper - INFO - fetch expense summary called with start_date: 2024-08-01, end_date: 2024-08-05
2025-06-06 18:36:05,099 - db_helper - INFO - fetch expense summary called with start_date: 2024-08-01, end_date: 2024-08-05
2025-06-06 18:40:41,299 - db_helper - INFO - fetch expense summary called with start_date: 2024-08-01, end_date: 2024-08-05
2025-06-06 20:18:11,080 - db_helper - INFO - fetch expenses for date called with 2024-08-01
2025-06-06 20:18:23,157 - db_helper - INFO - fetch expenses for date called with 2024-08-28
2025-06-06 20:18:26,560 - db_helper - INFO - fetch expenses for date called with 2024-08-07
2025-06-06 20:18:39,843 - db_helper - INFO - fetch expenses for date called with 2024-08-08
2025-06-06 20:19:02,531 - db_helper - INFO - fetch expenses for date called with 2024-08-08
2025-06-06 20:19:02,797 - db_helper - INFO - delete expenses for date called with 2024-08-08
2025-06-06 20:19:02,860 - db_helper - INFO - insert expense called with date: 2024-08-08, amount: 50.0, category: Food, notes: panipuri
2025-06-06 20:19:07,966 - db_helper - INFO - fetch expenses for date called with 2024-08-07
2025-06-06 20:19:10,476 - db_helper - INFO - fetch expenses for date called with 2024-08-08
2025-06-06 20:20:02,966 - db_helper - INFO - fetch expenses for date called with 2024-08-08
2025-06-06 20:20:03,523 - db_helper - INFO - delete expenses for date called with 2024-08-08
2025-06-06 20:20:07,185 - db_helper - INFO - fetch expenses for date called with 2024-08-07
2025-06-06 20:20:10,190 - db_helper - INFO - fetch expenses for date called with 2024-08-08
2025-06-06 20:20:29,856 - db_helper - INFO - fetch expenses for date called with 2024-08-08
2025-06-06 20:20:30,263 - db_helper - INFO - delete expenses for date called with 2024-08-08
2025-06-06 20:20:30,279 - db_helper - INFO - insert expense called with date: 2024-08-08, amount: 50.0, category: Food, notes: panipuri
2025-06-06 20:20:38,012 - db_helper - INFO - fetch expenses for date called with 2024-08-08
2025-06-06 20:20:38,180 - db_helper - INFO - delete expenses for date called with 2024-08-08
2025-06-06 20:20:38,322 - db_helper - INFO - insert expense called with date: 2024-08-08, amount: 50.0, category: Food, notes: panipuri
2025-06-06 20:20:49,068 - db_helper - INFO - fetch expenses for date called with 2024-08-07
2025-06-06 20:20:50,642 - db_helper - INFO - fetch expenses for date called with 2024-08-08
2025-06-06 20:21:00,469 - db_helper - INFO - fetch expenses for date called with 2024-08-08
2025-06-06 20:21:01,063 - db_helper - INFO - delete expenses for date called with 2024-08-08
2025-06-06 20:21:06,346 - db_helper - INFO - fetch expenses for date called with 2024-08-07
2025-06-06 20:21:08,168 - db_helper - INFO - fetch expenses for date called with 2024-08-08
2025-06-06 20:21:38,778 - db_helper - INFO - fetch expenses for date called with 2024-08-08
2025-06-06 20:21:39,251 - db_helper - INFO - delete expenses for date called with 2024-08-08
2025-06-06 20:21:39,300 - db_helper - INFO - insert expense called with date: 2024-08-08, amount: 90.0, category: Shopping, notes: bottle
2025-06-06 20:21:45,962 - db_helper - INFO - fetch expenses for date called with 2024-08-07
2025-06-06 20:21:48,247 - db_helper - INFO - fetch expenses for date called with 2024-08-08
2025-06-06 20:21:59,021 - db_helper - INFO - fetch expenses for date called with 2024-08-08
2025-06-06 20:21:59,464 - db_helper - INFO - delete expenses for date called with 2024-08-08
2025-06-06 20:22:07,148 - db_helper - INFO - fetch expenses for date called with 2024-08-07
2025-06-06 20:22:08,834 - db_helper - INFO - fetch expenses for date called with 2024-08-08
2025-06-06 20:25:48,897 - db_helper - INFO - fetch expenses for date called with 2024-08-08
2025-06-06 20:26:24,123 - db_helper - INFO - fetch expenses for date called with 2024-08-08
2025-06-06 20:27:27,309 - db_helper - INFO - fetch expenses for date called with 2024-08-08
2025-06-06 20:30:55,425 - db_helper - INFO - fetch expenses for date called with 2024-08-08
2025-06-06 20:32:36,252 - db_helper - INFO - fetch expenses for date called with 2024-08-08
2025-06-06 20:32:59,166 - db_helper - INFO - fetch expenses for date called with 2024-08-08
2025-06-06 20:40:35,844 - db_helper - INFO - fetch expenses for date called with 2024-08-08
2025-06-06 20:40:39,294 - db_helper - INFO - fetch expenses for date called with 2024-08-08
2025-06-06 20:43:36,534 - db_helper - INFO - fetch expenses for date called with 2024-08-08
2025-06-06 20:43:38,876 - db_helper - INFO - fetch expenses for date called with 2024-08-08
2025-06-06 20:43:39,179 - db_helper - INFO - fetch expense summary called with start_date: 2024-08-01, end_date: 2024-08-05
2025-06-06 20:43:55,881 - db_helper - INFO - fetch expenses for date called with 2024-08-08
2025-06-06 20:43:58,230 - db_helper - INFO - fetch expenses for date called with 2024-08-08
2025-06-06 20:43:58,526 - db_helper - INFO - fetch expense summary called with start_date: 2024-08-01, end_date: 2024-08-06
2025-06-06 20:44:04,271 - db_helper - INFO - fetch expenses for date called with 2024-08-08
2025-06-06 20:44:05,913 - db_helper - INFO - fetch expenses for date called with 2024-08-08
2025-06-06 20:44:06,166 - db_helper - INFO - fetch expense summary called with start_date: 2024-08-01, end_date: 2024-08-05
2025-06-06 20:44:09,924 - db_helper - INFO - fetch expenses for date called with 2024-08-08
2025-06-06 20:44:14,805 - db_helper - INFO - fetch expenses for date called with 2024-08-08
2025-06-06 20:44:15,581 - db_helper - INFO - fetch expenses for date called with 2024-08-08
2025-06-06 20:44:15,898 - db_helper - INFO - fetch expense summary called with start_date: 2024-08-02, end_date: 2024-08-10
2025-06-06 20:45:23,879 - db_helper - INFO - fetch expenses for date called with 2024-08-08
2025-06-06 20:45:25,824 - db_helper - INFO - fetch expenses for date called with 2024-08-08
2025-06-06 20:45:27,052 - db_helper - INFO - fetch expenses for date called with 2024-08-08
2025-06-06 20:45:27,227 - db_helper - INFO - fetch expense summary called with start_date: 2024-08-01, end_date: 2024-08-05
2025-06-06 20:53:49,698 - db_helper - INFO - fetch expenses for date called with 2024-08-08
2025-06-06 20:53:52,094 - db_helper - INFO - fetch expenses for date called with 2024-08-08
2025-06-06 20:53:52,331 - db_helper - INFO - fetch expense summary called with start_date: 2024-08-01, end_date: 2024-08-05
2025-06-06 20:55:20,853 - db_helper - INFO - fetch expenses for date called with 2024-08-08
2025-06-06 20:55:21,161 - db_helper - INFO - fetch expense summary called with start_date: 2024-08-01, end_date: 2024-08-05
2025-06-06 21:05:44,675 - db_helper - INFO - fetch expenses for date called with 2024-08-08
2025-06-06 21:05:47,416 - db_helper - INFO - fetch expenses for date called with 2024-08-08
2025-06-06 21:05:47,884 - db_helper - INFO - fetch expense summary called with start_date: 2024-08-01, end_date: 2024-08-05
2025-06-06 21:06:23,429 - db_helper - INFO - fetch expenses for date called with 2024-08-08
2025-06-06 21:06:25,988 - db_helper - INFO - fetch expenses for date called with 2024-08-08
2025-06-06 21:06:26,311 - db_helper - INFO - fetch expense summary called with start_date: 2024-08-01, end_date: 2024-08-05
2025-06-06 21:25:32,734 - db_helper - INFO - fetch expenses for date called with 2024-08-08
2025-06-06 21:25:34,132 - db_helper - INFO - fetch expenses for date called with 2024-08-08
2025-06-06 21:25:34,560 - db_helper - INFO - fetch expense summary called with start_date: 2024-08-01, end_date: 2024-08-05
2025-06-06 21:30:01,359 - db_helper - INFO - fetch expenses for date called with 2024-08-08
2025-06-06 21:30:04,039 - db_helper - INFO - fetch expenses for date called with 2024-08-08
2025-06-06 21:30:04,347 - db_helper - INFO - fetch expense summary called with start_date: 2024-08-01, end_date: 2024-08-05
2025-06-06 21:30:12,282 - db_helper - INFO - fetch expenses for date called with 2024-08-08
2025-06-06 21:30:13,787 - db_helper - INFO - fetch expenses for date called with 2024-08-08
2025-06-06 21:30:14,136 - db_helper - INFO - fetch expense summary called with start_date: 2024-08-01, end_date: 2024-08-06
2025-06-06 21:30:16,800 - db_helper - INFO - fetch expenses for date called with 2024-08-08
2025-06-06 21:30:17,854 - db_helper - INFO - fetch expenses for date called with 2024-08-08
2025-06-06 21:30:18,153 - db_helper - INFO - fetch expense summary called with start_date: 2024-08-01, end_date: 2024-08-05
2025-06-06 21:30:29,972 - db_helper - INFO - fetch expenses for date called with 2024-08-08
2025-06-06 21:30:32,103 - db_helper - INFO - fetch expenses for date called with 2024-08-08
2025-06-06 21:30:32,332 - db_helper - INFO - fetch expense summary called with start_date: 2024-08-01, end_date: 2024-08-05
2025-06-06 22:32:51,533 - db_helper - INFO - fetch expenses for date called with 2024-08-01
2025-06-06 22:32:57,804 - db_helper - INFO - fetch expenses for date called with 2024-08-01
2025-06-06 22:32:58,199 - db_helper - INFO - fetch expense summary called with start_date: 2024-08-01, end_date: 2024-08-05
2025-06-06 22:33:19,006 - db_helper - INFO - fetch expenses for date called with 2024-08-01
2025-06-06 22:33:22,121 - db_helper - INFO - fetch expenses for date called with 2024-08-01
2025-06-06 22:33:27,347 - db_helper - INFO - fetch expenses for date called with 2024-08-01
2025-06-06 22:33:27,626 - db_helper - INFO - fetch expense summary called with start_date: 2024-08-01, end_date: 2024-08-05
2025-06-06 22:43:03,534 - db_helper - INFO - fetch expenses for date called with 2024-08-01
2025-06-06 22:43:06,569 - db_helper - INFO - fetch expenses for date called with 2024-08-01
2025-06-06 22:43:06,988 - db_helper - INFO - fetch expense summary called with start_date: 2024-08-01, end_date: 2024-08-05
2025-06-06 22:43:56,901 - db_helper - INFO - fetch expenses for date called with 2024-08-01
2025-06-06 22:43:58,883 - db_helper - INFO - fetch expenses for date called with 2024-08-01
2025-06-06 22:43:59,292 - db_helper - INFO - fetch expense summary called with start_date: 2024-08-01, end_date: 2024-08-05
2025-06-06 22:46:05,291 - db_helper - INFO - fetch expenses for date called with 2024-08-01
2025-06-06 22:46:07,005 - db_helper - INFO - fetch expenses for date called with 2024-08-01
2025-06-06 22:46:07,270 - db_helper - INFO - fetch expense summary called with start_date: 2024-08-01, end_date: 2024-08-05
2025-06-06 22:47:27,689 - db_helper - INFO - fetch expenses for date called with 2024-08-01
2025-06-06 22:47:30,290 - db_helper - INFO - fetch expenses for date called with 2024-08-01
2025-06-06 22:47:30,681 - db_helper - INFO - fetch expense summary called with start_date: 2024-08-01, end_date: 2024-08-05
2025-06-06 22:48:19,070 - db_helper - INFO - fetch expenses for date called with 2024-08-01
2025-06-06 22:48:21,022 - db_helper - INFO - fetch expenses for date called with 2024-08-01
2025-06-06 22:48:21,378 - db_helper - INFO - fetch expense summary called with start_date: 2024-08-01, end_date: 2024-08-05
2025-06-06 22:50:28,806 - db_helper - INFO - fetch expenses for date called with 2024-08-01
2025-06-06 22:50:31,174 - db_helper - INFO - fetch expenses for date called with 2024-08-01
2025-06-06 22:50:31,549 - db_helper - INFO - fetch expense summary called with start_date: 2024-08-01, end_date: 2024-08-05
2025-06-06 22:51:20,170 - db_helper - INFO - fetch expenses for date called with 2024-08-01
2025-06-06 22:51:21,627 - db_helper - INFO - fetch expenses for date called with 2024-08-01
2025-06-06 22:51:22,093 - db_helper - INFO - fetch expense summary called with start_date: 2024-08-01, end_date: 2024-08-05
2025-06-06 22:51:50,778 - db_helper - INFO - fetch expenses for date called with 2024-08-01
2025-06-06 22:51:51,235 - db_helper - INFO - fetch expense summary called with start_date: 2024-08-01, end_date: 2024-08-05
2025-06-06 22:51:54,144 - db_helper - INFO - fetch expenses for date called with 2024-08-01
2025-06-06 22:51:55,666 - db_helper - INFO - fetch expenses for date called with 2024-08-01
2025-06-06 22:51:56,008 - db_helper - INFO - fetch expense summary called with start_date: 2024-08-01, end_date: 2024-08-05
2025-06-06 22:52:07,191 - db_helper - INFO - fetch expenses for date called with 2024-08-01
2025-06-06 22:52:08,916 - db_helper - INFO - fetch expenses for date called with 2024-08-01
2025-06-06 22:52:09,260 - db_helper - INFO - fetch expense summary called with start_date: 2024-08-01, end_date: 2024-08-05
2025-06-06 23:00:04,871 - db_helper - INFO - fetch expenses for date called with 2024-08-01
2025-06-06 23:00:06,309 - db_helper - INFO - fetch expenses for date called with 2024-08-01
2025-06-06 23:00:06,625 - db_helper - INFO - fetch expense summary called with start_date: 2024-08-01, end_date: 2024-08-05
2025-06-06 23:01:02,100 - db_helper - INFO - fetch expenses for date called with 2024-08-01
2025-06-06 23:01:03,249 - db_helper - INFO - fetch expenses for date called with 2024-08-01
2025-06-06 23:01:03,603 - db_helper - INFO - fetch expense summary called with start_date: 2024-08-01, end_date: 2024-08-06
2025-06-06 23:11:14,855 - db_helper - INFO - fetch expenses for date called with 2024-08-01
2025-06-06 23:11:16,545 - db_helper - INFO - fetch expenses for date called with 2024-08-01
2025-06-06 23:11:16,971 - db_helper - INFO - fetch expense summary called with start_date: 2024-08-01, end_date: 2024-08-06
2025-06-06 23:12:24,969 - db_helper - INFO - fetch expenses for date called with 2024-08-01
2025-06-06 23:12:27,224 - db_helper - INFO - fetch expenses for date called with 2024-08-01
2025-06-06 23:12:27,555 - db_helper - INFO - fetch expense summary called with start_date: 2024-08-01, end_date: 2024-08-06
2025-06-06 23:13:50,852 - db_helper - INFO - fetch expenses for date called with 2024-08-01
2025-06-06 23:13:52,593 - db_helper - INFO - fetch expenses for date called with 2024-08-01
2025-06-06 23:13:52,885 - db_helper - INFO - fetch expense summary called with start_date: 2024-08-01, end_date: 2024-08-06
2025-06-06 23:14:14,421 - db_helper - INFO - fetch expenses for date called with 2024-08-01
2025-06-06 23:14:16,186 - db_helper - INFO - fetch expenses for date called with 2024-08-01
2025-06-06 23:14:16,525 - db_helper - INFO - fetch expense summary called with start_date: 2024-08-01, end_date: 2024-08-05
2025-06-06 23:15:32,664 - db_helper - INFO - fetch expenses for date called with 2024-08-08
2025-06-06 23:15:36,357 - db_helper - INFO - fetch expenses for date called with 2024-08-07
2025-06-07 21:14:06,797 - db_helper - INFO - fetch expense summary by months
2025-06-07 21:15:23,451 - db_helper - INFO - fetch expense summary by months
2025-06-08 13:03:26,553 - db_helper - INFO - fetch expense summary by months
2025-06-08 13:03:56,712 - db_helper - INFO - fetch expense summary by months
2025-06-08 15:51:02,360 - db_helper - INFO - fetch expense summary by months
2025-06-08 15:51:09,054 - db_helper - INFO - fetch expense summary by months
2025-06-08 15:57:33,655 - db_helper - INFO - fetch expense summary by months
2025-06-08 15:57:56,987 - db_helper - INFO - fetch expense summary by months
2025-06-08 16:18:04,929 - db_helper - INFO - fetch expenses for date called with 2024-08-01
2025-06-08 16:18:18,796 - db_helper - INFO - fetch expenses for date called with 2024-08-01
2025-06-08 16:18:18,985 - db_helper - INFO - fetch expense summary called with start_date: 2024-08-01, end_date: 2024-08-05
2025-06-08 16:18:26,911 - db_helper - INFO - fetch expenses for date called with 2024-08-01
2025-06-08 16:18:28,541 - db_helper - INFO - fetch expenses for date called with 2024-08-01
2025-06-08 16:18:28,768 - db_helper - INFO - fetch expense summary called with start_date: 2024-08-01, end_date: 2024-08-06
2025-06-08 16:18:37,280 - db_helper - INFO - fetch expenses for date called with 2024-08-02
2025-06-08 16:18:40,466 - db_helper - INFO - fetch expenses for date called with 2024-08-07
2025-06-08 16:18:45,344 - db_helper - INFO - fetch expenses for date called with 2024-08-08
2025-06-08 16:19:40,277 - db_helper - INFO - fetch expenses for date called with 2024-08-08
2025-06-08 16:19:40,358 - db_helper - INFO - delete expenses for date called with 2024-08-08
2025-06-08 16:19:40,407 - db_helper - INFO - insert expense called with date: 2024-08-08, amount: 100.0, category: Shopping, notes: Bought Toy
2025-06-08 16:19:44,265 - db_helper - INFO - fetch expenses for date called with 2024-08-07
2025-06-08 16:19:46,121 - db_helper - INFO - fetch expenses for date called with 2024-08-08
2025-06-08 16:19:57,225 - db_helper - INFO - fetch expenses for date called with 2024-08-08
2025-06-08 16:19:57,377 - db_helper - INFO - delete expenses for date called with 2024-08-08
2025-06-08 16:20:01,107 - db_helper - INFO - fetch expenses for date called with 2024-08-07
2025-06-08 16:20:02,749 - db_helper - INFO - fetch expenses for date called with 2024-08-08
2025-06-08 16:20:11,695 - db_helper - INFO - fetch expenses for date called with 2024-08-08
2025-06-08 16:20:12,576 - db_helper - INFO - fetch expenses for date called with 2024-08-08
2025-06-08 16:20:12,838 - db_helper - INFO - fetch expense summary called with start_date: 2024-08-01, end_date: 2024-08-10
2025-06-08 16:23:17,309 - db_helper - INFO - fetch expenses for date called with 2024-08-08
2025-06-08 16:24:52,503 - db_helper - INFO - fetch expenses for date called with 2024-08-08
2025-06-08 16:25:43,501 - db_helper - INFO - fetch expenses for date called with 2024-08-08
2025-06-08 16:30:04,811 - db_helper - INFO - fetch expenses for date called with 2024-08-08
2025-06-08 16:30:29,633 - db_helper - INFO - fetch expenses for date called with 2024-08-08
2025-06-08 16:36:40,143 - db_helper - INFO - fetch expenses for date called with 2024-08-08
2025-06-08 16:40:17,853 - db_helper - INFO - fetch expenses for date called with 2024-08-08
2025-06-08 16:40:31,416 - db_helper - INFO - fetch expenses for date called with 2024-08-08
2025-06-08 16:40:32,931 - db_helper - INFO - fetch expenses for date called with 2024-08-08
2025-06-08 16:40:36,897 - db_helper - INFO - fetch expenses for date called with 2024-08-08
2025-06-08 16:40:39,131 - db_helper - INFO - fetch expenses for date called with 2024-08-08
2025-06-08 16:40:39,285 - db_helper - INFO - fetch expenses for date called with 2024-08-08
2025-06-08 16:42:06,389 - db_helper - INFO - fetch expenses for date called with 2024-08-08
2025-06-08 16:42:20,274 - db_helper - INFO - fetch expenses for date called with 2024-08-08
2025-06-08 16:43:54,254 - db_helper - INFO - fetch expenses for date called with 2024-08-08
2025-06-08 16:44:31,465 - db_helper - INFO - fetch expenses for date called with 2024-08-08
2025-06-08 16:46:51,199 - db_helper - INFO - fetch expense summary by months
2025-06-08 16:55:02,188 - db_helper - INFO - fetch expenses for date called with 2024-08-08
2025-06-08 16:55:04,094 - db_helper - INFO - fetch expenses for date called with 2024-08-08
2025-06-08 16:55:04,217 - db_helper - INFO - fetch expense summary by months
2025-06-08 16:55:11,593 - db_helper - INFO - fetch expenses for date called with 2024-08-08
2025-06-08 16:55:11,789 - db_helper - INFO - fetch expense summary called with start_date: 2024-08-01, end_date: 2024-08-10
2025-06-08 16:55:37,730 - db_helper - INFO - fetch expenses for date called with 2024-08-08
2025-06-08 16:55:37,832 - db_helper - INFO - fetch expense summary by months
2025-06-08 16:55:47,660 - db_helper - INFO - fetch expenses for date called with 2024-08-08
2025-06-08 16:55:47,747 - db_helper - INFO - fetch expense summary called with start_date: 2024-08-01, end_date: 2024-08-10
2025-06-08 16:55:58,748 - db_helper - INFO - fetch expenses for date called with 2024-08-08
2025-06-08 16:55:58,863 - db_helper - INFO - fetch expense summary by months
2025-06-08 16:56:23,305 - db_helper - INFO - fetch expenses for date called with 2024-08-08
2025-06-08 16:56:23,471 - db_helper - INFO - fetch expense summary called with start_date: 2024-08-01, end_date: 2024-08-10
2025-06-08 16:58:19,815 - db_helper - INFO - fetch expenses for date called with 2024-08-08
2025-06-08 16:58:19,956 - db_helper - INFO - fetch expense summary by months
2025-06-08 17:00:34,085 - db_helper - INFO - fetch expenses for date called with 2024-08-08
2025-06-08 17:00:34,386 - db_helper - INFO - fetch expense summary called with start_date: 2024-08-01, end_date: 2024-08-10
2025-06-08 17:01:46,244 - db_helper - INFO - fetch expenses for date called with 2024-08-08
2025-06-08 17:01:46,359 - db_helper - INFO - fetch expense summary by months
2025-06-08 17:01:55,830 - db_helper - INFO - fetch expenses for date called with 2024-08-08
2025-06-08 17:01:55,902 - db_helper - INFO - fetch expense summary called with start_date: 2024-08-01, end_date: 2024-08-10
2025-06-08 17:02:13,988 - db_helper - INFO - fetch expenses for date called with 2024-08-08
2025-06-08 17:02:15,663 - db_helper - INFO - fetch expenses for date called with 2024-08-08
2025-06-08 17:02:15,802 - db_helper - INFO - fetch expense summary called with start_date: 2024-08-01, end_date: 2024-08-10
2025-06-08 17:02:27,697 - db_helper - INFO - fetch expenses for date called with 2024-08-08
2025-06-08 17:02:27,808 - db_helper - INFO - fetch expense summary by months
2025-06-08 17:03:58,940 - db_helper - INFO - fetch expenses for date called with 2024-08-08
2025-06-08 17:04:02,063 - db_helper - INFO - fetch expenses for date called with 2024-08-08
2025-06-08 17:04:02,464 - db_helper - INFO - fetch expenses for date called with 2024-08-08
2025-06-08 17:04:02,589 - db_helper - INFO - fetch expense summary by months
2025-06-08 17:05:00,763 - db_helper - INFO - fetch expenses for date called with 2024-08-08
2025-06-08 17:05:01,799 - db_helper - INFO - fetch expenses for date called with 2024-08-08
2025-06-08 17:05:01,927 - db_helper - INFO - fetch expense summary by months
2025-06-08 17:05:15,324 - db_helper - INFO - fetch expenses for date called with 2024-08-08
2025-06-08 17:05:16,729 - db_helper - INFO - fetch expenses for date called with 2024-08-08
2025-06-08 17:05:16,929 - db_helper - INFO - fetch expense summary by months
2025-06-08 17:06:18,609 - db_helper - INFO - fetch expenses for date called with 2024-08-08
2025-06-08 17:06:19,542 - db_helper - INFO - fetch expenses for date called with 2024-08-08
2025-06-08 17:06:19,673 - db_helper - INFO - fetch expense summary by months
2025-06-08 17:06:25,558 - db_helper - INFO - fetch expenses for date called with 2024-08-08
2025-06-08 17:06:25,661 - db_helper - INFO - fetch expense summary by months
2025-06-08 17:06:31,533 - db_helper - INFO - fetch expenses for date called with 2024-08-08
2025-06-08 17:06:31,957 - db_helper - INFO - fetch expenses for date called with 2024-08-08
2025-06-08 17:06:32,092 - db_helper - INFO - fetch expense summary by months
2025-06-08 17:06:34,797 - db_helper - INFO - fetch expenses for date called with 2024-08-08
2025-06-08 17:06:36,196 - db_helper - INFO - fetch expenses for date called with 2024-08-08
2025-06-08 17:06:36,278 - db_helper - INFO - fetch expense summary by months
2025-06-08 17:07:49,389 - db_helper - INFO - fetch expenses for date called with 2024-08-08
2025-06-08 17:07:50,348 - db_helper - INFO - fetch expenses for date called with 2024-08-08
2025-06-08 17:07:50,503 - db_helper - INFO - fetch expense summary by months
2025-06-08 17:08:08,740 - db_helper - INFO - fetch expenses for date called with 2024-08-08
2025-06-08 17:08:09,571 - db_helper - INFO - fetch expenses for date called with 2024-08-08
2025-06-08 17:08:09,719 - db_helper - INFO - fetch expense summary by months
2025-06-08 17:08:19,459 - db_helper - INFO - fetch expenses for date called with 2024-08-08
2025-06-08 17:08:20,644 - db_helper - INFO - fetch expenses for date called with 2024-08-08
2025-06-08 17:08:20,768 - db_helper - INFO - fetch expense summary by months
2025-06-08 17:10:45,744 - db_helper - INFO - fetch expenses for date called with 2024-08-08
2025-06-08 17:10:46,845 - db_helper - INFO - fetch expenses for date called with 2024-08-08
2025-06-08 17:10:46,947 - db_helper - INFO - fetch expense summary by months
2025-06-08 17:10:54,080 - db_helper - INFO - fetch expenses for date called with 2024-08-08
2025-06-08 17:10:54,201 - db_helper - INFO - fetch expense summary by months
2025-06-08 17:11:01,956 - db_helper - INFO - fetch expenses for date called with 2024-08-08
2025-06-08 17:11:02,114 - db_helper - INFO - fetch expense summary by months
2025-06-08 17:14:47,113 - db_helper - INFO - fetch expenses for date called with 2025-06-08
2025-06-08 17:16:23,586 - db_helper - INFO - fetch expenses for date called with 2025-06-01
2025-06-08 17:16:49,071 - db_helper - INFO - fetch expenses for date called with 2025-08-01
2025-06-08 17:16:59,065 - db_helper - INFO - fetch expenses for date called with 2025-08-01
2025-06-08 17:16:59,281 - db_helper - INFO - delete expenses for date called with 2025-08-01
2025-06-08 17:17:11,714 - db_helper - INFO - fetch expenses for date called with 2025-08-02
2025-06-08 17:17:12,996 - db_helper - INFO - fetch expenses for date called with 2025-08-01
2025-06-08 17:17:23,316 - db_helper - INFO - fetch expenses for date called with 2025-08-01
2025-06-08 17:17:31,327 - db_helper - INFO - fetch expenses for date called with 2025-06-08
2025-06-08 17:17:35,369 - db_helper - INFO - fetch expenses for date called with 2025-06-01
2025-06-08 17:18:13,493 - db_helper - INFO - fetch expenses for date called with 2025-06-01
2025-06-08 17:18:13,722 - db_helper - INFO - delete expenses for date called with 2025-06-01
2025-06-08 17:18:13,738 - db_helper - INFO - insert expense called with date: 2025-06-01, amount: 400.0, category: Entertainment, notes: Movie tickets
2025-06-08 17:18:17,442 - db_helper - INFO - fetch expenses for date called with 2025-06-02
2025-06-08 17:18:19,101 - db_helper - INFO - fetch expenses for date called with 2025-06-01
2025-06-08 17:18:22,196 - db_helper - INFO - fetch expenses for date called with 2025-06-02
2025-06-08 17:18:41,080 - db_helper - INFO - fetch expenses for date called with 2025-06-02
2025-06-08 17:18:41,225 - db_helper - INFO - delete expenses for date called with 2025-06-02
2025-06-08 17:18:41,245 - db_helper - INFO - insert expense called with date: 2025-06-02, amount: 500.0, category: Shopping, notes: New shoes
2025-06-08 17:18:45,710 - db_helper - INFO - fetch expenses for date called with 2025-06-03
2025-06-08 17:18:51,106 - db_helper - INFO - fetch expenses for date called with 2025-06-02
2025-06-08 17:18:53,323 - db_helper - INFO - fetch expenses for date called with 2025-06-03
2025-06-08 17:19:00,893 - db_helper - INFO - fetch expenses for date called with 2025-06-04
2025-06-08 17:19:02,925 - db_helper - INFO - fetch expenses for date called with 2025-06-02
2025-06-08 17:19:05,514 - db_helper - INFO - fetch expenses for date called with 2025-06-01
2025-06-08 17:19:08,239 - db_helper - INFO - fetch expenses for date called with 2025-06-03
2025-06-08 17:20:30,807 - db_helper - INFO - fetch expenses for date called with 2025-06-03
2025-06-08 17:20:30,935 - db_helper - INFO - delete expenses for date called with 2025-06-03
2025-06-08 17:20:30,967 - db_helper - INFO - insert expense called with date: 2025-06-03, amount: 3000.0, category: Rent, notes: Montly Rent payment
2025-06-08 17:20:37,467 - db_helper - INFO - fetch expenses for date called with 2025-06-04
2025-06-08 17:20:39,541 - db_helper - INFO - fetch expenses for date called with 2025-06-03
2025-06-08 17:20:47,135 - db_helper - INFO - fetch expenses for date called with 2025-06-03
2025-06-08 17:20:47,383 - db_helper - INFO - delete expenses for date called with 2025-06-03
2025-06-08 17:20:47,448 - db_helper - INFO - insert expense called with date: 2025-06-03, amount: 3000.0, category: Rent, notes: Monthly Rent payment
2025-06-08 17:20:50,814 - db_helper - INFO - fetch expenses for date called with 2025-06-04
2025-06-08 17:22:01,980 - db_helper - INFO - fetch expenses for date called with 2025-06-04
2025-06-08 17:22:02,169 - db_helper - INFO - delete expenses for date called with 2025-06-04
2025-06-08 17:22:02,185 - db_helper - INFO - insert expense called with date: 2025-06-04, amount: 500.0, category: Food, notes: Groceries for week
2025-06-08 17:22:05,262 - db_helper - INFO - fetch expenses for date called with 2025-06-05
2025-06-08 17:22:20,562 - db_helper - INFO - fetch expenses for date called with 2025-06-04
2025-06-08 17:22:22,588 - db_helper - INFO - fetch expenses for date called with 2025-06-05
2025-06-08 17:22:30,937 - db_helper - INFO - fetch expenses for date called with 2025-06-06
2025-06-08 17:22:33,469 - db_helper - INFO - fetch expenses for date called with 2025-06-05
2025-06-08 17:22:39,377 - db_helper - INFO - fetch expenses for date called with 2025-06-04
2025-06-08 17:22:52,092 - db_helper - INFO - fetch expenses for date called with 2025-06-04
2025-06-08 17:22:52,228 - db_helper - INFO - delete expenses for date called with 2025-06-04
2025-06-08 17:22:52,316 - db_helper - INFO - insert expense called with date: 2025-06-04, amount: 500.0, category: Food, notes: Groceries for Week
2025-06-08 17:22:56,996 - db_helper - INFO - fetch expenses for date called with 2025-06-05
2025-06-08 17:23:34,061 - db_helper - INFO - fetch expenses for date called with 2025-06-05
2025-06-08 17:23:34,263 - db_helper - INFO - delete expenses for date called with 2025-06-05
2025-06-08 17:23:34,278 - db_helper - INFO - insert expense called with date: 2025-06-05, amount: 1000.0, category: Other, notes: Light Bill Payment
2025-06-08 17:23:38,437 - db_helper - INFO - fetch expenses for date called with 2025-06-06
2025-06-08 17:23:44,143 - db_helper - INFO - fetch expenses for date called with 2025-06-07
2025-06-08 17:23:47,324 - db_helper - INFO - fetch expenses for date called with 2025-06-08
2025-06-08 17:24:20,476 - db_helper - INFO - fetch expenses for date called with 2025-06-07
2025-06-08 17:24:23,554 - db_helper - INFO - fetch expenses for date called with 2025-06-06
2025-06-08 17:24:25,639 - db_helper - INFO - fetch expenses for date called with 2025-06-10
2025-06-08 17:24:27,433 - db_helper - INFO - fetch expenses for date called with 2025-06-13
2025-06-08 17:24:29,389 - db_helper - INFO - fetch expenses for date called with 2025-06-01
2025-06-08 17:24:32,230 - db_helper - INFO - fetch expenses for date called with 2025-06-06
2025-06-08 17:24:40,642 - db_helper - INFO - fetch expenses for date called with 2025-06-07
2025-06-08 17:24:44,008 - db_helper - INFO - fetch expenses for date called with 2025-06-06
2025-06-08 17:24:46,622 - db_helper - INFO - fetch expenses for date called with 2025-06-05
2025-06-08 17:24:51,856 - db_helper - INFO - fetch expenses for date called with 2025-06-06
2025-06-08 17:25:08,914 - db_helper - INFO - fetch expenses for date called with 2025-06-06
2025-06-08 17:25:09,034 - db_helper - INFO - delete expenses for date called with 2025-06-06
2025-06-08 17:25:09,045 - db_helper - INFO - insert expense called with date: 2025-06-06, amount: 100.0, category: Shopping, notes: Books
2025-06-08 17:25:13,428 - db_helper - INFO - fetch expenses for date called with 2025-06-07
2025-06-08 17:25:18,887 - db_helper - INFO - fetch expenses for date called with 2025-06-05
2025-06-08 17:25:20,827 - db_helper - INFO - fetch expenses for date called with 2025-06-07
2025-06-08 17:25:27,238 - db_helper - INFO - fetch expenses for date called with 2025-06-06
2025-06-08 17:25:29,469 - db_helper - INFO - fetch expenses for date called with 2025-06-07
2025-06-08 17:26:03,351 - db_helper - INFO - fetch expenses for date called with 2025-06-07
2025-06-08 17:26:03,491 - db_helper - INFO - delete expenses for date called with 2025-06-07
2025-06-08 17:26:03,510 - db_helper - INFO - insert expense called with date: 2025-06-07, amount: 100.0, category: Other, notes: Public Transport
2025-06-08 17:26:06,494 - db_helper - INFO - fetch expenses for date called with 2025-06-05
2025-06-08 17:26:09,385 - db_helper - INFO - fetch expenses for date called with 2025-06-08
2025-06-08 18:01:34,826 - db_helper - INFO - fetch expenses for date called with 2025-06-08
2025-06-08 18:03:52,728 - db_helper - INFO - fetch expenses for date called with 2025-06-07
2025-06-08 18:04:04,138 - db_helper - INFO - fetch expenses for date called with 2025-06-07
2025-06-08 18:04:04,386 - db_helper - INFO - fetch expense summary by months
2025-06-08 18:05:49,497 - db_helper - INFO - fetch expenses for date called with 2025-06-07
2025-06-08 18:06:06,503 - db_helper - INFO - fetch expenses for date called with 2025-05-01
2025-06-08 18:07:05,839 - db_helper - INFO - fetch expenses for date called with 2025-05-01
2025-06-08 18:07:25,276 - db_helper - INFO - fetch expenses for date called with 2025-05-01
2025-06-08 18:07:29,031 - db_helper - INFO - fetch expenses for date called with 2025-05-01
2025-06-08 18:07:29,569 - db_helper - INFO - fetch expense summary called with start_date: 2025-06-01, end_date: 2025-06-08
2025-06-08 18:07:45,209 - db_helper - INFO - fetch expenses for date called with 2025-05-07
2025-06-08 18:07:47,986 - db_helper - INFO - fetch expenses for date called with 2025-05-06
2025-06-08 18:07:51,961 - db_helper - INFO - fetch expenses for date called with 2025-05-05
2025-06-08 18:08:09,328 - db_helper - INFO - fetch expenses for date called with 2025-05-05
2025-06-08 18:08:16,924 - db_helper - INFO - fetch expenses for date called with 2025-06-01
2025-06-08 18:08:30,814 - db_helper - INFO - fetch expenses for date called with 2025-06-05
2025-06-08 18:08:34,860 - db_helper - INFO - fetch expenses for date called with 2025-06-07
2025-06-08 18:08:37,880 - db_helper - INFO - fetch expenses for date called with 2025-06-08
2025-06-08 18:08:42,024 - db_helper - INFO - fetch expenses for date called with 2025-06-06
2025-06-08 18:08:44,183 - db_helper - INFO - fetch expenses for date called with 2025-06-07
2025-06-08 18:08:47,419 - db_helper - INFO - fetch expenses for date called with 2025-06-05
2025-06-08 18:09:11,367 - db_helper - INFO - fetch expenses for date called with 2025-06-05
2025-06-08 18:09:11,681 - db_helper - INFO - delete expenses for date called with 2025-06-05
2025-06-08 18:09:11,722 - db_helper - INFO - insert expense called with date: 2025-06-05, amount: 1000.0, category: Other, notes: Light Bill Payment
2025-06-08 18:09:11,757 - db_helper - INFO - insert expense called with date: 2025-06-05, amount: 50.0, category: Food, notes: Ate Panipuri
2025-06-08 18:09:20,596 - db_helper - INFO - fetch expenses for date called with 2025-06-05
2025-06-08 18:09:20,930 - db_helper - INFO - fetch expense summary by months
2025-06-08 18:09:27,074 - db_helper - INFO - fetch expenses for date called with 2025-06-05
2025-06-08 18:09:28,782 - db_helper - INFO - fetch expenses for date called with 2025-06-05
2025-06-08 18:09:29,196 - db_helper - INFO - fetch expense summary by months
2025-06-08 18:09:42,603 - db_helper - INFO - fetch expenses for date called with 2025-05-01
2025-06-08 18:10:34,544 - db_helper - INFO - fetch expenses for date called with 2025-05-01
2025-06-08 18:10:35,059 - db_helper - INFO - delete expenses for date called with 2025-05-01
2025-06-08 18:10:35,100 - db_helper - INFO - insert expense called with date: 2025-05-01, amount: 2000.0, category: Rent, notes: Monthly Rent
2025-06-08 18:10:35,132 - db_helper - INFO - insert expense called with date: 2025-05-01, amount: 200.0, category: Shopping, notes: clothes
2025-06-08 18:10:37,146 - db_helper - INFO - fetch expenses for date called with 2025-05-02
2025-06-08 18:10:39,302 - db_helper - INFO - fetch expenses for date called with 2025-05-01
2025-06-08 18:10:42,561 - db_helper - INFO - fetch expenses for date called with 2025-05-02
2025-06-08 18:10:45,408 - db_helper - INFO - fetch expenses for date called with 2025-05-01
2025-06-08 18:10:49,133 - db_helper - INFO - fetch expenses for date called with 2025-05-02
2025-06-08 18:11:25,908 - db_helper - INFO - fetch expenses for date called with 2025-05-02
2025-06-08 18:11:26,357 - db_helper - INFO - delete expenses for date called with 2025-05-02
2025-06-08 18:11:26,383 - db_helper - INFO - insert expense called with date: 2025-05-02, amount: 500.0, category: Food, notes: Groceries for week
2025-06-08 18:11:29,861 - db_helper - INFO - fetch expenses for date called with 2025-05-03
2025-06-08 18:11:31,531 - db_helper - INFO - fetch expenses for date called with 2025-05-02
2025-06-08 18:11:33,457 - db_helper - INFO - fetch expenses for date called with 2025-05-03
2025-06-08 18:12:19,967 - db_helper - INFO - fetch expenses for date called with 2025-05-03
2025-06-08 18:12:20,406 - db_helper - INFO - delete expenses for date called with 2025-05-03
2025-06-08 18:12:20,548 - db_helper - INFO - insert expense called with date: 2025-05-03, amount: 300.0, category: Entertainment, notes: Movie Tickets
2025-06-08 18:12:24,314 - db_helper - INFO - fetch expenses for date called with 2025-05-02
2025-06-08 18:12:26,673 - db_helper - INFO - fetch expenses for date called with 2025-05-03
2025-06-08 18:12:28,570 - db_helper - INFO - fetch expenses for date called with 2025-05-04
2025-06-08 18:12:42,295 - db_helper - INFO - fetch expenses for date called with 2025-05-01
2025-06-08 18:12:51,704 - db_helper - INFO - fetch expenses for date called with 2025-05-03
2025-06-08 18:14:21,400 - db_helper - INFO - fetch expenses for date called with 2025-05-04
2025-06-08 18:14:59,964 - db_helper - INFO - fetch expenses for date called with 2025-05-04
2025-06-08 18:15:01,348 - db_helper - INFO - delete expenses for date called with 2025-05-04
2025-06-08 18:15:01,385 - db_helper - INFO - insert expense called with date: 2025-05-04, amount: 400.0, category: Food, notes: Dinner at restaurant
2025-06-08 18:15:03,051 - db_helper - INFO - fetch expenses for date called with 2025-05-03
2025-06-08 18:15:04,322 - db_helper - INFO - fetch expenses for date called with 2025-05-04
2025-06-08 18:15:06,423 - db_helper - INFO - fetch expenses for date called with 2025-05-05
2025-06-08 18:15:12,182 - db_helper - INFO - fetch expenses for date called with 2025-05-05
2025-06-08 18:15:19,008 - db_helper - INFO - fetch expenses for date called with 2025-05-09
2025-06-08 18:15:37,324 - db_helper - INFO - fetch expenses for date called with 2025-05-09
2025-06-08 18:15:37,661 - db_helper - INFO - delete expenses for date called with 2025-05-09
2025-06-08 18:15:37,684 - db_helper - INFO - insert expense called with date: 2025-05-09, amount: 200.0, category: Other, notes: Taxi charges
2025-06-08 18:15:41,179 - db_helper - INFO - fetch expenses for date called with 2025-05-08
2025-06-08 18:15:44,437 - db_helper - INFO - fetch expenses for date called with 2025-05-09
2025-06-08 18:15:46,292 - db_helper - INFO - fetch expenses for date called with 2025-05-01
2025-06-08 18:15:49,155 - db_helper - INFO - fetch expenses for date called with 2025-05-08
2025-06-08 18:16:19,765 - db_helper - INFO - fetch expenses for date called with 2025-05-06
2025-06-08 18:16:22,794 - db_helper - INFO - fetch expenses for date called with 2025-05-05
2025-06-08 18:16:24,992 - db_helper - INFO - fetch expenses for date called with 2025-05-04
2025-06-08 18:16:27,998 - db_helper - INFO - fetch expenses for date called with 2025-05-05
2025-06-08 18:16:34,660 - db_helper - INFO - fetch expenses for date called with 2025-05-01
2025-06-08 18:16:36,345 - db_helper - INFO - fetch expenses for date called with 2025-05-02
2025-06-08 18:16:37,834 - db_helper - INFO - fetch expenses for date called with 2025-05-03
2025-06-08 18:16:39,117 - db_helper - INFO - fetch expenses for date called with 2025-05-04
2025-06-08 18:16:40,355 - db_helper - INFO - fetch expenses for date called with 2025-05-05
2025-06-08 18:17:12,724 - db_helper - INFO - fetch expenses for date called with 2025-05-05
2025-06-08 18:17:13,159 - db_helper - INFO - delete expenses for date called with 2025-05-05
2025-06-08 18:17:13,204 - db_helper - INFO - insert expense called with date: 2025-05-05, amount: 50.0, category: Shopping, notes: Bought cocunut oil
2025-06-08 18:17:13,265 - db_helper - INFO - insert expense called with date: 2025-05-05, amount: 20.0, category: Shopping, notes: water bottle
2025-06-08 18:17:15,534 - db_helper - INFO - fetch expenses for date called with 2025-05-06
2025-06-08 18:17:18,277 - db_helper - INFO - fetch expenses for date called with 2025-05-05
2025-06-08 18:17:20,523 - db_helper - INFO - fetch expenses for date called with 2025-05-06
2025-06-08 18:30:38,128 - db_helper - INFO - fetch expenses for date called with 2025-05-05
2025-06-08 18:30:42,378 - db_helper - INFO - fetch expenses for date called with 2025-05-06
2025-06-08 18:30:44,518 - db_helper - INFO - fetch expenses for date called with 2025-05-05
2025-06-08 18:30:47,753 - db_helper - INFO - fetch expenses for date called with 2025-05-06
2025-06-08 18:31:07,815 - db_helper - INFO - fetch expenses for date called with 2025-05-06
2025-06-08 18:31:08,404 - db_helper - INFO - delete expenses for date called with 2025-05-06
2025-06-08 18:31:08,452 - db_helper - INFO - insert expense called with date: 2025-05-06, amount: 50.0, category: Food, notes: Lunch
2025-06-08 18:31:13,573 - db_helper - INFO - fetch expenses for date called with 2025-05-07
2025-06-08 18:31:16,211 - db_helper - INFO - fetch expenses for date called with 2025-05-05
2025-06-08 18:31:18,020 - db_helper - INFO - fetch expenses for date called with 2025-05-07
2025-06-08 18:31:22,140 - db_helper - INFO - fetch expenses for date called with 2025-05-08
2025-06-08 18:31:24,804 - db_helper - INFO - fetch expenses for date called with 2025-05-07
2025-06-08 18:31:26,273 - db_helper - INFO - fetch expenses for date called with 2025-05-08
2025-06-08 18:31:45,892 - db_helper - INFO - fetch expenses for date called with 2025-05-08
2025-06-08 18:31:46,198 - db_helper - INFO - delete expenses for date called with 2025-05-08
2025-06-08 18:31:46,266 - db_helper - INFO - insert expense called with date: 2025-05-08, amount: 100.0, category: Shopping, notes: Clothes
2025-06-08 18:31:48,508 - db_helper - INFO - fetch expenses for date called with 2025-05-01
2025-06-08 18:31:50,820 - db_helper - INFO - fetch expenses for date called with 2025-05-14
2025-06-08 18:32:24,438 - db_helper - INFO - fetch expenses for date called with 2025-05-14
2025-06-08 18:32:24,832 - db_helper - INFO - delete expenses for date called with 2025-05-14
2025-06-08 18:32:24,863 - db_helper - INFO - insert expense called with date: 2025-05-14, amount: 100.0, category: Other, notes: Public transport
2025-06-08 18:32:29,539 - db_helper - INFO - fetch expenses for date called with 2025-05-01
2025-06-08 18:32:32,600 - db_helper - INFO - fetch expenses for date called with 2025-05-17
2025-06-08 18:32:44,096 - db_helper - INFO - fetch expenses for date called with 2025-05-15
2025-06-08 18:32:46,555 - db_helper - INFO - fetch expenses for date called with 2025-05-14
2025-06-08 18:32:50,230 - db_helper - INFO - fetch expenses for date called with 2025-05-16
2025-06-08 18:33:32,020 - db_helper - INFO - fetch expenses for date called with 2025-05-16
2025-06-08 18:33:32,498 - db_helper - INFO - delete expenses for date called with 2025-05-16
2025-06-08 18:33:32,530 - db_helper - INFO - insert expense called with date: 2025-05-16, amount: 150.0, category: Entertainment, notes: Concert tickets
2025-06-08 18:33:35,733 - db_helper - INFO - fetch expenses for date called with 2025-05-01
2025-06-08 18:33:37,911 - db_helper - INFO - fetch expenses for date called with 2025-05-20
2025-06-08 18:33:41,161 - db_helper - INFO - fetch expenses for date called with 2025-05-20
2025-06-08 18:33:58,067 - db_helper - INFO - fetch expenses for date called with 2025-05-20
2025-06-08 18:33:58,427 - db_helper - INFO - delete expenses for date called with 2025-05-20
2025-06-08 18:33:58,575 - db_helper - INFO - insert expense called with date: 2025-05-20, amount: 400.0, category: Food, notes: Groceries for week
2025-06-08 18:34:02,967 - db_helper - INFO - fetch expenses for date called with 2025-05-01
2025-06-08 18:34:05,010 - db_helper - INFO - fetch expenses for date called with 2025-05-20
2025-06-08 18:34:08,752 - db_helper - INFO - fetch expenses for date called with 2025-05-23
2025-06-08 18:34:32,835 - db_helper - INFO - fetch expenses for date called with 2025-05-23
2025-06-08 18:34:33,200 - db_helper - INFO - delete expenses for date called with 2025-05-23
2025-06-08 18:34:33,242 - db_helper - INFO - insert expense called with date: 2025-05-23, amount: 50.0, category: Other, notes: Taxi fare
2025-06-08 18:34:34,974 - db_helper - INFO - fetch expenses for date called with 2025-05-01
2025-06-08 18:34:37,957 - db_helper - INFO - fetch expenses for date called with 2025-05-28
2025-06-08 18:35:04,230 - db_helper - INFO - fetch expenses for date called with 2025-05-28
2025-06-08 18:35:04,464 - db_helper - INFO - delete expenses for date called with 2025-05-28
2025-06-08 18:35:04,496 - db_helper - INFO - insert expense called with date: 2025-05-28, amount: 150.0, category: Shopping, notes: Bought toy train
2025-06-08 18:35:11,557 - db_helper - INFO - fetch expenses for date called with 2025-05-31
2025-06-08 18:36:17,971 - db_helper - INFO - fetch expenses for date called with 2025-05-31
2025-06-08 18:36:18,337 - db_helper - INFO - delete expenses for date called with 2025-05-31
2025-06-08 18:36:18,469 - db_helper - INFO - insert expense called with date: 2025-05-31, amount: 100.0, category: Shopping, notes: Bought books
2025-06-08 18:36:23,902 - db_helper - INFO - fetch expenses for date called with 2025-05-31
2025-06-08 18:36:24,446 - db_helper - INFO - fetch expenses for date called with 2025-05-31
2025-06-08 18:36:24,647 - db_helper - INFO - fetch expense summary by months
2025-06-08 18:36:58,684 - db_helper - INFO - fetch expenses for date called with 2025-05-22
2025-06-08 18:37:17,886 - db_helper - INFO - fetch expenses for date called with 2025-05-22
2025-06-08 18:37:18,622 - db_helper - INFO - delete expenses for date called with 2025-05-22
2025-06-08 18:37:18,767 - db_helper - INFO - insert expense called with date: 2025-05-22, amount: 500.0, category: Food, notes: Dinner
2025-06-08 18:37:22,768 - db_helper - INFO - fetch expenses for date called with 2025-05-01
2025-06-08 18:37:24,694 - db_helper - INFO - fetch expenses for date called with 2025-05-17
2025-06-08 18:37:41,388 - db_helper - INFO - fetch expenses for date called with 2025-05-17
2025-06-08 18:37:41,806 - db_helper - INFO - delete expenses for date called with 2025-05-17
2025-06-08 18:37:41,848 - db_helper - INFO - insert expense called with date: 2025-05-17, amount: 200.0, category: Food, notes: lunch
2025-06-08 18:37:44,074 - db_helper - INFO - fetch expenses for date called with 2025-05-01
2025-06-08 18:37:47,024 - db_helper - INFO - fetch expenses for date called with 2025-05-22
2025-06-08 18:37:49,629 - db_helper - INFO - fetch expenses for date called with 2025-05-19
2025-06-08 18:38:09,099 - db_helper - INFO - fetch expenses for date called with 2025-05-19
2025-06-08 18:38:09,484 - db_helper - INFO - fetch expenses for date called with 2025-05-19
2025-06-08 18:38:09,614 - db_helper - INFO - delete expenses for date called with 2025-05-19
2025-06-08 18:38:09,650 - db_helper - INFO - insert expense called with date: 2025-05-19, amount: 600.0, category: Food, notes: Groceries for week
2025-06-08 18:38:14,794 - db_helper - INFO - fetch expenses for date called with 2025-05-19
2025-06-08 18:38:15,357 - db_helper - INFO - delete expenses for date called with 2025-05-19
2025-06-08 18:38:15,398 - db_helper - INFO - insert expense called with date: 2025-05-19, amount: 600.0, category: Food, notes: Groceries for week
2025-06-08 18:38:18,443 - db_helper - INFO - fetch expenses for date called with 2025-05-21
2025-06-08 18:38:36,620 - db_helper - INFO - fetch expenses for date called with 2025-05-21
2025-06-08 18:38:36,886 - db_helper - INFO - delete expenses for date called with 2025-05-21
2025-06-08 18:38:36,929 - db_helper - INFO - insert expense called with date: 2025-05-21, amount: 700.0, category: Shopping, notes: New Jeans
2025-06-08 20:39:18,351 - db_helper - INFO - fetch expenses for date called with 2025-06-08
2025-06-08 20:39:35,728 - db_helper - INFO - fetch expenses for date called with 2025-06-08
2025-06-08 20:39:36,076 - db_helper - INFO - fetch expense summary by months
2025-06-08 20:39:55,266 - db_helper - INFO - fetch expenses for date called with 2025-06-08
2025-06-08 20:39:56,316 - db_helper - INFO - fetch expenses for date called with 2025-06-08
2025-06-08 20:39:56,721 - db_helper - INFO - fetch expense summary called with start_date: 2025-06-01, end_date: 2025-06-08
2025-06-08 20:40:18,234 - db_helper - INFO - fetch expenses for date called with 2025-05-14
2025-06-08 20:40:56,829 - db_helper - INFO - fetch expenses for date called with 2025-05-14
2025-06-08 20:40:57,220 - db_helper - INFO - delete expenses for date called with 2025-05-14
2025-06-08 20:40:57,265 - db_helper - INFO - insert expense called with date: 2025-05-14, amount: 100.0, category: Other, notes: Public transport
2025-06-08 20:40:57,314 - db_helper - INFO - insert expense called with date: 2025-05-14, amount: 80.0, category: Food, notes: Ate pizza
2025-06-08 20:40:59,955 - db_helper - INFO - fetch expenses for date called with 2025-05-01
2025-06-08 20:41:04,994 - db_helper - INFO - fetch expenses for date called with 2025-05-16
2025-06-08 20:41:07,607 - db_helper - INFO - fetch expenses for date called with 2025-05-06
2025-06-08 20:41:10,009 - db_helper - INFO - fetch expenses for date called with 2025-05-20
2025-06-08 20:41:13,049 - db_helper - INFO - fetch expenses for date called with 2025-05-22
2025-06-08 20:41:16,280 - db_helper - INFO - fetch expenses for date called with 2025-05-21
2025-06-08 20:41:18,289 - db_helper - INFO - fetch expenses for date called with 2025-05-24
2025-06-08 20:41:42,322 - db_helper - INFO - fetch expenses for date called with 2025-05-24
2025-06-08 20:41:42,805 - db_helper - INFO - delete expenses for date called with 2025-05-24
2025-06-08 20:41:42,855 - db_helper - INFO - insert expense called with date: 2025-05-24, amount: 200.0, category: Shopping, notes: clothes
2025-06-08 20:42:15,170 - db_helper - INFO - fetch expenses for date called with 2025-05-27
2025-06-08 20:42:20,405 - db_helper - INFO - fetch expenses for date called with 2025-05-01
2025-06-08 20:42:22,136 - db_helper - INFO - fetch expenses for date called with 2025-05-27
2025-06-08 20:42:46,125 - db_helper - INFO - fetch expenses for date called with 2025-05-27
2025-06-08 20:42:46,527 - db_helper - INFO - delete expenses for date called with 2025-05-27
2025-06-08 20:42:46,540 - db_helper - INFO - insert expense called with date: 2025-05-27, amount: 300.0, category: Entertainment, notes: Concert tickets
2025-06-08 20:42:59,495 - db_helper - INFO - fetch expenses for date called with 2025-06-08
2025-06-08 20:45:20,371 - db_helper - INFO - fetch expenses for date called with 2025-06-01
2025-06-08 20:45:33,665 - db_helper - INFO - fetch expenses for date called with 2025-06-04
2025-06-08 20:45:36,290 - db_helper - INFO - fetch expenses for date called with 2025-06-02
2025-06-08 20:46:33,216 - db_helper - INFO - fetch expenses for date called with 2025-06-02
2025-06-08 20:46:33,691 - db_helper - INFO - delete expenses for date called with 2025-06-02
2025-06-08 20:46:33,804 - db_helper - INFO - insert expense called with date: 2025-06-02, amount: 500.0, category: Shopping, notes: New shoes
2025-06-08 20:46:33,820 - db_helper - INFO - insert expense called with date: 2025-06-02, amount: 50.0, category: Food, notes: for vadapav
2025-06-08 20:46:35,807 - db_helper - INFO - fetch expenses for date called with 2025-06-01
2025-06-08 20:46:37,266 - db_helper - INFO - fetch expenses for date called with 2025-06-02
2025-06-08 20:46:54,090 - db_helper - INFO - fetch expenses for date called with 2025-06-04
2025-06-08 20:46:56,691 - db_helper - INFO - fetch expenses for date called with 2025-06-05
2025-06-08 20:46:59,218 - db_helper - INFO - fetch expenses for date called with 2025-06-06
2025-06-08 20:47:04,240 - db_helper - INFO - fetch expenses for date called with 2025-06-08
2025-06-08 20:47:13,922 - db_helper - INFO - fetch expenses for date called with 2025-06-08
2025-06-08 20:47:26,270 - db_helper - INFO - fetch expenses for date called with 2025-06-08
2025-06-08 20:47:26,554 - db_helper - INFO - fetch expense summary called with start_date: 2025-06-01, end_date: 2025-06-08
2025-06-08 20:48:25,691 - db_helper - INFO - fetch expenses for date called with 2025-06-08
2025-06-08 20:48:28,028 - db_helper - INFO - fetch expenses for date called with 2025-06-08
2025-06-08 20:48:28,304 - db_helper - INFO - fetch expense summary by months
2025-06-08 20:48:48,724 - db_helper - INFO - fetch expenses for date called with 2025-06-08
2025-06-08 20:48:50,357 - db_helper - INFO - fetch expenses for date called with 2025-06-08
2025-06-08 20:48:50,659 - db_helper - INFO - fetch expense summary by months
2025-06-08 20:49:29,951 - db_helper - INFO - fetch expenses for date called with 2025-06-08
2025-06-08 20:50:03,464 - db_helper - INFO - fetch expenses for date called with 2025-06-01
2025-06-08 20:50:20,105 - db_helper - INFO - fetch expenses for date called with 2025-06-02
2025-06-08 20:50:42,084 - db_helper - INFO - fetch expenses for date called with 2025-06-02
2025-06-08 20:50:42,451 - db_helper - INFO - delete expenses for date called with 2025-06-02
2025-06-08 20:50:42,617 - db_helper - INFO - insert expense called with date: 2025-06-02, amount: 500.0, category: Shopping, notes: New shoes
2025-06-08 20:50:42,652 - db_helper - INFO - insert expense called with date: 2025-06-02, amount: 100.0, category: Food, notes: for vadapav
2025-06-08 20:50:48,461 - db_helper - INFO - fetch expenses for date called with 2025-06-01
2025-06-08 20:50:51,248 - db_helper - INFO - fetch expenses for date called with 2025-06-02
2025-06-08 20:51:02,870 - db_helper - INFO - fetch expenses for date called with 2025-06-04
2025-06-08 20:51:06,518 - db_helper - INFO - fetch expenses for date called with 2025-06-08
2025-06-08 20:51:51,388 - db_helper - INFO - fetch expenses for date called with 2025-06-08
2025-06-08 20:51:56,925 - db_helper - INFO - fetch expenses for date called with 2025-06-08
2025-06-08 20:51:57,219 - db_helper - INFO - fetch expense summary called with start_date: 2025-06-01, end_date: 2025-06-08
2025-06-08 20:56:58,852 - db_helper - INFO - fetch expenses for date called with 2025-06-08
2025-06-08 20:57:00,384 - db_helper - INFO - fetch expenses for date called with 2025-06-08
2025-06-08 20:57:00,705 - db_helper - INFO - fetch expense summary by months
2025-06-08 20:58:48,722 - db_helper - INFO - fetch expenses for date called with 2025-06-08
2025-06-08 20:58:51,185 - db_helper - INFO - fetch expenses for date called with 2025-06-08
2025-06-08 20:58:51,471 - db_helper - INFO - fetch expense summary called with start_date: 2025-06-08, end_date: 2025-06-08
2025-06-08 20:59:01,223 - db_helper - INFO - fetch expenses for date called with 2025-06-08
2025-06-08 20:59:01,972 - db_helper - INFO - fetch expenses for date called with 2025-06-08
2025-06-08 20:59:02,326 - db_helper - INFO - fetch expense summary called with start_date: 2025-06-01, end_date: 2025-06-08
2025-06-08 20:59:14,981 - db_helper - INFO - fetch expenses for date called with 2025-06-08
2025-06-08 20:59:16,805 - db_helper - INFO - fetch expenses for date called with 2025-06-08
2025-06-08 20:59:17,063 - db_helper - INFO - fetch expense summary called with start_date: 2025-06-01, end_date: 2025-06-05
2025-06-08 21:00:45,739 - db_helper - INFO - fetch expenses for date called with 2025-06-08
2025-06-08 21:00:46,669 - db_helper - INFO - fetch expenses for date called with 2025-06-08
2025-06-08 21:00:47,367 - db_helper - INFO - fetch expense summary by months
2025-06-08 21:01:04,157 - db_helper - INFO - fetch expenses for date called with 2025-06-08
2025-06-08 21:01:04,750 - db_helper - INFO - fetch expenses for date called with 2025-06-08
2025-06-08 21:01:05,087 - db_helper - INFO - fetch expense summary by months
2025-06-08 21:04:16,931 - db_helper - INFO - fetch expenses for date called with 2025-06-08
2025-06-08 21:04:44,998 - db_helper - INFO - fetch expenses for date called with 2025-06-08
2025-06-08 21:10:14,851 - db_helper - INFO - fetch expenses for date called with 2025-06-01
2025-06-08 21:10:29,206 - db_helper - INFO - fetch expenses for date called with 2025-06-02
2025-06-08 21:10:35,045 - db_helper - INFO - fetch expenses for date called with 2025-06-03
2025-06-08 21:14:07,867 - db_helper - INFO - fetch expenses for date called with 2025-06-08
2025-06-08 21:17:01,841 - db_helper - INFO - fetch expenses for date called with 2025-06-01
2025-06-08 21:17:14,033 - db_helper - INFO - fetch expenses for date called with 2025-06-03
2025-06-08 21:18:02,401 - db_helper - INFO - fetch expenses for date called with 2025-06-03
2025-06-08 21:18:02,879 - db_helper - INFO - delete expenses for date called with 2025-06-03
2025-06-08 21:18:02,977 - db_helper - INFO - insert expense called with date: 2025-06-03, amount: 3000.0, category: Rent, notes: Monthly Rent payment
2025-06-08 21:18:03,006 - db_helper - INFO - insert expense called with date: 2025-06-03, amount: 50.0, category: Food, notes: chips
2025-06-08 21:18:10,676 - db_helper - INFO - fetch expenses for date called with 2025-06-01
2025-06-08 21:18:19,144 - db_helper - INFO - fetch expenses for date called with 2025-06-03
2025-06-08 21:18:31,309 - db_helper - INFO - fetch expenses for date called with 2025-06-08
2025-06-08 21:19:01,376 - db_helper - INFO - fetch expenses for date called with 2025-06-08
2025-06-08 21:19:01,915 - db_helper - INFO - delete expenses for date called with 2025-06-08
2025-06-08 21:19:01,970 - db_helper - INFO - insert expense called with date: 2025-06-08, amount: 100.0, category: Entertainment, notes: movie ticket
2025-06-08 21:19:06,678 - db_helper - INFO - fetch expenses for date called with 2025-06-01
2025-06-08 21:19:10,826 - db_helper - INFO - fetch expenses for date called with 2025-06-08
2025-06-08 21:19:39,088 - db_helper - INFO - fetch expenses for date called with 2025-06-08
2025-06-08 21:19:45,774 - db_helper - INFO - fetch expenses for date called with 2025-06-08
2025-06-08 21:19:46,049 - db_helper - INFO - fetch expense summary called with start_date: 2025-06-01, end_date: 2025-06-08
2025-06-08 21:20:56,217 - db_helper - INFO - fetch expenses for date called with 2025-06-08
2025-06-08 21:20:59,679 - db_helper - INFO - fetch expenses for date called with 2025-06-08
2025-06-08 21:21:00,002 - db_helper - INFO - fetch expense summary called with start_date: 2025-06-01, end_date: 2025-06-03
2025-06-08 21:21:15,905 - db_helper - INFO - fetch expenses for date called with 2025-06-08
2025-06-08 21:21:18,909 - db_helper - INFO - fetch expenses for date called with 2025-06-08
2025-06-08 21:21:19,188 - db_helper - INFO - fetch expense summary by months
2025-06-08 21:21:44,713 - db_helper - INFO - fetch expenses for date called with 2025-06-08
2025-06-08 21:21:47,217 - db_helper - INFO - fetch expenses for date called with 2025-06-08
2025-06-08 21:21:47,498 - db_helper - INFO - fetch expense summary by months
2025-06-08 21:22:43,659 - db_helper - INFO - fetch expenses for date called with 2025-06-08
2025-06-08 21:22:44,900 - db_helper - INFO - fetch expenses for date called with 2025-06-08
2025-06-08 21:22:45,235 - db_helper - INFO - fetch expense summary by months
2025-06-08 21:22:56,450 - db_helper - INFO - fetch expenses for date called with 2025-06-08
2025-06-08 21:22:57,293 - db_helper - INFO - fetch expenses for date called with 2025-06-08
2025-06-08 21:22:57,980 - db_helper - INFO - fetch expense summary by months
2025-06-08 21:22:58,633 - db_helper - INFO - fetch expenses for date called with 2025-06-08
2025-06-08 21:22:59,141 - db_helper - INFO - fetch expense summary by months
2025-06-08 21:23:45,753 - db_helper - INFO - fetch expenses for date called with 2025-06-08
2025-06-08 21:23:46,914 - db_helper - INFO - fetch expenses for date called with 2025-06-08
2025-06-08 21:23:48,328 - db_helper - INFO - fetch expense summary by months
2025-06-08 21:24:13,836 - db_helper - INFO - fetch expenses for date called with 2025-06-08
2025-06-08 21:24:14,991 - db_helper - INFO - fetch expenses for date called with 2025-06-08
2025-06-08 21:24:15,546 - db_helper - INFO - fetch expense summary by months
2025-06-08 21:32:19,037 - db_helper - INFO - fetch expenses for date called with 2025-06-08
2025-06-08 21:32:22,139 - db_helper - INFO - fetch expenses for date called with 2025-06-08
2025-06-08 21:32:22,582 - db_helper - INFO - fetch expense summary by months
2025-06-08 22:42:15,962 - db_helper - INFO - fetch expenses for date called with 2025-06-08
2025-06-08 22:42:19,774 - db_helper - INFO - fetch expenses for date called with 2025-06-08
2025-06-08 22:42:20,125 - db_helper - INFO - fetch expense summary by months
2025-06-08 22:43:28,205 - db_helper - INFO - fetch expenses for date called with 2025-06-08
2025-06-08 22:43:30,243 - db_helper - INFO - fetch expenses for date called with 2025-06-08
2025-06-08 22:43:30,612 - db_helper - INFO - fetch expense summary by months
2025-06-09 18:44:12,856 - db_helper - INFO - fetch expenses for date called with 2025-06-09
2025-06-09 18:44:45,838 - db_helper - INFO - fetch expenses for date called with 2025-06-08
2025-06-09 18:45:43,518 - db_helper - INFO - fetch expenses for date called with 2025-06-08
2025-06-09 18:45:44,552 - db_helper - INFO - fetch expense summary called with start_date: 2025-06-09, end_date: 2025-06-09
2025-06-09 18:45:50,447 - db_helper - INFO - fetch expenses for date called with 2025-06-08
2025-06-09 18:45:56,576 - db_helper - INFO - fetch expenses for date called with 2025-06-08
2025-06-09 18:45:57,637 - db_helper - INFO - fetch expenses for date called with 2025-06-08
2025-06-09 18:45:57,873 - db_helper - INFO - fetch expense summary called with start_date: 2025-06-01, end_date: 2025-06-08
2025-06-09 18:46:06,066 - db_helper - INFO - fetch expenses for date called with 2025-06-08
2025-06-09 18:46:06,821 - db_helper - INFO - fetch expenses for date called with 2025-06-08
2025-06-09 18:46:07,186 - db_helper - INFO - fetch expense summary called with start_date: 2025-06-01, end_date: 2025-06-07
2025-06-09 18:46:11,006 - db_helper - INFO - fetch expenses for date called with 2025-06-08
2025-06-09 18:46:11,762 - db_helper - INFO - fetch expenses for date called with 2025-06-08
2025-06-09 18:46:12,046 - db_helper - INFO - fetch expense summary called with start_date: 2025-06-01, end_date: 2025-06-08
2025-06-09 18:46:40,933 - db_helper - INFO - fetch expenses for date called with 2025-06-08
2025-06-09 18:46:41,327 - db_helper - INFO - fetch expense summary by months
2025-06-09 18:47:11,224 - db_helper - INFO - fetch expenses for date called with 2025-06-08
2025-06-09 18:47:12,136 - db_helper - INFO - fetch expenses for date called with 2025-06-08
2025-06-09 18:47:12,776 - db_helper - INFO - fetch expense summary by months
2025-06-09 18:47:39,665 - db_helper - INFO - fetch expenses for date called with 2025-06-06
2025-06-09 18:47:44,991 - db_helper - INFO - fetch expenses for date called with 2025-06-01
2025-06-09 18:47:51,471 - db_helper - INFO - fetch expenses for date called with 2025-05-01
2025-06-09 18:47:56,256 - db_helper - INFO - fetch expenses for date called with 2025-05-08
